2018-04-19 10:38:12,395 DEBUG [Forwarding newSession on session null to remote] RequestAddCookies:123 - CookieSpec selected: default
2018-04-19 10:38:12,413 DEBUG [Forwarding newSession on session null to remote] RequestAuthCache:77 - Auth cache not set in the context
2018-04-19 10:38:12,416 DEBUG [Forwarding newSession on session null to remote] PoolingHttpClientConnectionManager:255 - Connection request: [route: {}->http://localhost:2129][total kept alive: 0; route allocated: 0 of 2000; total allocated: 0 of 2000]
2018-04-19 10:38:12,437 DEBUG [Forwarding newSession on session null to remote] PoolingHttpClientConnectionManager:288 - Connection leased: [id: 0][route: {}->http://localhost:2129][total kept alive: 0; route allocated: 1 of 2000; total allocated: 1 of 2000]
2018-04-19 10:38:12,441 DEBUG [Forwarding newSession on session null to remote] MainClientExec:235 - Opening connection {}->http://localhost:2129
2018-04-19 10:38:12,446 DEBUG [Forwarding newSession on session null to remote] DefaultHttpClientConnectionOperator:139 - Connecting to localhost/127.0.0.1:2129
2018-04-19 10:38:12,449 DEBUG [Forwarding newSession on session null to remote] DefaultHttpClientConnectionOperator:146 - Connection established 127.0.0.1:50672<->127.0.0.1:2129
2018-04-19 10:38:12,449 DEBUG [Forwarding newSession on session null to remote] DefaultManagedHttpClientConnection:88 - http-outgoing-0: set socket timeout to 10800000
2018-04-19 10:38:12,450 DEBUG [Forwarding newSession on session null to remote] MainClientExec:256 - Executing request POST /session HTTP/1.1
2018-04-19 10:38:12,451 DEBUG [Forwarding newSession on session null to remote] MainClientExec:261 - Target auth state: UNCHALLENGED
2018-04-19 10:38:12,452 DEBUG [Forwarding newSession on session null to remote] MainClientExec:267 - Proxy auth state: UNCHALLENGED
2018-04-19 10:38:12,454 DEBUG [Forwarding newSession on session null to remote] headers:133 - http-outgoing-0 >> POST /session HTTP/1.1
2018-04-19 10:38:12,455 DEBUG [Forwarding newSession on session null to remote] headers:136 - http-outgoing-0 >> Content-Type: application/json; charset=utf-8
2018-04-19 10:38:12,456 DEBUG [Forwarding newSession on session null to remote] headers:136 - http-outgoing-0 >> Content-Length: 456
2018-04-19 10:38:12,456 DEBUG [Forwarding newSession on session null to remote] headers:136 - http-outgoing-0 >> Host: localhost:2129
2018-04-19 10:38:12,457 DEBUG [Forwarding newSession on session null to remote] headers:136 - http-outgoing-0 >> Connection: Keep-Alive
2018-04-19 10:38:12,458 DEBUG [Forwarding newSession on session null to remote] headers:136 - http-outgoing-0 >> User-Agent: Apache-HttpClient/4.5.3 (Java/1.8.0_111)
2018-04-19 10:38:12,458 DEBUG [Forwarding newSession on session null to remote] headers:136 - http-outgoing-0 >> Accept-Encoding: gzip,deflate
2018-04-19 10:38:12,459 DEBUG [Forwarding newSession on session null to remote] wire:73 - http-outgoing-0 >> "POST /session HTTP/1.1[\r][\n]"
2018-04-19 10:38:12,460 DEBUG [Forwarding newSession on session null to remote] wire:73 - http-outgoing-0 >> "Content-Type: application/json; charset=utf-8[\r][\n]"
2018-04-19 10:38:12,460 DEBUG [Forwarding newSession on session null to remote] wire:73 - http-outgoing-0 >> "Content-Length: 456[\r][\n]"
2018-04-19 10:38:12,461 DEBUG [Forwarding newSession on session null to remote] wire:73 - http-outgoing-0 >> "Host: localhost:2129[\r][\n]"
2018-04-19 10:38:12,461 DEBUG [Forwarding newSession on session null to remote] wire:73 - http-outgoing-0 >> "Connection: Keep-Alive[\r][\n]"
2018-04-19 10:38:12,462 DEBUG [Forwarding newSession on session null to remote] wire:73 - http-outgoing-0 >> "User-Agent: Apache-HttpClient/4.5.3 (Java/1.8.0_111)[\r][\n]"
2018-04-19 10:38:12,463 DEBUG [Forwarding newSession on session null to remote] wire:73 - http-outgoing-0 >> "Accept-Encoding: gzip,deflate[\r][\n]"
2018-04-19 10:38:12,463 DEBUG [Forwarding newSession on session null to remote] wire:73 - http-outgoing-0 >> "[\r][\n]"
2018-04-19 10:38:12,464 DEBUG [Forwarding newSession on session null to remote] wire:73 - http-outgoing-0 >> "{[\n]"
2018-04-19 10:38:12,464 DEBUG [Forwarding newSession on session null to remote] wire:73 - http-outgoing-0 >> "  "desiredCapabilities": {[\n]"
2018-04-19 10:38:12,465 DEBUG [Forwarding newSession on session null to remote] wire:73 - http-outgoing-0 >> "    "moz:firefoxOptions": {[\n]"
2018-04-19 10:38:12,465 DEBUG [Forwarding newSession on session null to remote] wire:73 - http-outgoing-0 >> "      "prefs": {},[\n]"
2018-04-19 10:38:12,466 DEBUG [Forwarding newSession on session null to remote] wire:73 - http-outgoing-0 >> "      "args": [][\n]"
2018-04-19 10:38:12,466 DEBUG [Forwarding newSession on session null to remote] wire:73 - http-outgoing-0 >> "    }[\n]"
2018-04-19 10:38:12,467 DEBUG [Forwarding newSession on session null to remote] wire:73 - http-outgoing-0 >> "  },[\n]"
2018-04-19 10:38:12,467 DEBUG [Forwarding newSession on session null to remote] wire:73 - http-outgoing-0 >> "  "requiredCapabilities": {},[\n]"
2018-04-19 10:38:12,468 DEBUG [Forwarding newSession on session null to remote] wire:73 - http-outgoing-0 >> "  "capabilities": {[\n]"
2018-04-19 10:38:12,468 DEBUG [Forwarding newSession on session null to remote] wire:73 - http-outgoing-0 >> "    "desiredCapabilities": {[\n]"
2018-04-19 10:38:12,468 DEBUG [Forwarding newSession on session null to remote] wire:73 - http-outgoing-0 >> "      "moz:firefoxOptions": {[\n]"
2018-04-19 10:38:12,469 DEBUG [Forwarding newSession on session null to remote] wire:73 - http-outgoing-0 >> "        "prefs": {},[\n]"
2018-04-19 10:38:12,469 DEBUG [Forwarding newSession on session null to remote] wire:73 - http-outgoing-0 >> "        "args": [][\n]"
2018-04-19 10:38:12,470 DEBUG [Forwarding newSession on session null to remote] wire:73 - http-outgoing-0 >> "      }[\n]"
2018-04-19 10:38:12,470 DEBUG [Forwarding newSession on session null to remote] wire:73 - http-outgoing-0 >> "    },[\n]"
2018-04-19 10:38:12,470 DEBUG [Forwarding newSession on session null to remote] wire:73 - http-outgoing-0 >> "    "requiredCapabilities": {},[\n]"
2018-04-19 10:38:12,471 DEBUG [Forwarding newSession on session null to remote] wire:73 - http-outgoing-0 >> "    "alwaysMatch": {},[\n]"
2018-04-19 10:38:12,471 DEBUG [Forwarding newSession on session null to remote] wire:73 - http-outgoing-0 >> "    "firstMatch": [[\n]"
2018-04-19 10:38:12,472 DEBUG [Forwarding newSession on session null to remote] wire:73 - http-outgoing-0 >> "      {[\n]"
2018-04-19 10:38:12,472 DEBUG [Forwarding newSession on session null to remote] wire:73 - http-outgoing-0 >> "        "moz:firefoxOptions": {[\n]"
2018-04-19 10:38:12,472 DEBUG [Forwarding newSession on session null to remote] wire:73 - http-outgoing-0 >> "          "prefs": {},[\n]"
2018-04-19 10:38:12,473 DEBUG [Forwarding newSession on session null to remote] wire:73 - http-outgoing-0 >> "          "args": [][\n]"
2018-04-19 10:38:12,475 DEBUG [Forwarding newSession on session null to remote] wire:73 - http-outgoing-0 >> "        }[\n]"
2018-04-19 10:38:12,476 DEBUG [Forwarding newSession on session null to remote] wire:73 - http-outgoing-0 >> "      }[\n]"
2018-04-19 10:38:12,476 DEBUG [Forwarding newSession on session null to remote] wire:73 - http-outgoing-0 >> "    ][\n]"
2018-04-19 10:38:12,477 DEBUG [Forwarding newSession on session null to remote] wire:73 - http-outgoing-0 >> "  }[\n]"
2018-04-19 10:38:12,477 DEBUG [Forwarding newSession on session null to remote] wire:87 - http-outgoing-0 >> "}"
2018-04-19 10:39:13,534 DEBUG [Forwarding newSession on session null to remote] wire:73 - http-outgoing-0 << "HTTP/1.1 500 Internal Server Error[\r][\n]"
2018-04-19 10:39:13,535 DEBUG [Forwarding newSession on session null to remote] wire:73 - http-outgoing-0 << "Connection: close[\r][\n]"
2018-04-19 10:39:13,536 DEBUG [Forwarding newSession on session null to remote] wire:73 - http-outgoing-0 << "Content-Type: application/json; charset=utf-8[\r][\n]"
2018-04-19 10:39:13,536 DEBUG [Forwarding newSession on session null to remote] wire:73 - http-outgoing-0 << "Cache-Control: no-cache[\r][\n]"
2018-04-19 10:39:13,537 DEBUG [Forwarding newSession on session null to remote] wire:73 - http-outgoing-0 << "Content-Length: 82[\r][\n]"
2018-04-19 10:39:13,537 DEBUG [Forwarding newSession on session null to remote] wire:73 - http-outgoing-0 << "Date: Thu, 19 Apr 2018 05:09:13 GMT[\r][\n]"
2018-04-19 10:39:13,538 DEBUG [Forwarding newSession on session null to remote] wire:73 - http-outgoing-0 << "[\r][\n]"
2018-04-19 10:39:13,538 DEBUG [Forwarding newSession on session null to remote] wire:87 - http-outgoing-0 << "{"value":{"error":"unknown error","message":"connection refused","stacktrace":""}}"
2018-04-19 10:39:13,543 DEBUG [Forwarding newSession on session null to remote] headers:122 - http-outgoing-0 << HTTP/1.1 500 Internal Server Error
2018-04-19 10:39:13,543 DEBUG [Forwarding newSession on session null to remote] headers:125 - http-outgoing-0 << Connection: close
2018-04-19 10:39:13,544 DEBUG [Forwarding newSession on session null to remote] headers:125 - http-outgoing-0 << Content-Type: application/json; charset=utf-8
2018-04-19 10:39:13,544 DEBUG [Forwarding newSession on session null to remote] headers:125 - http-outgoing-0 << Cache-Control: no-cache
2018-04-19 10:39:13,544 DEBUG [Forwarding newSession on session null to remote] headers:125 - http-outgoing-0 << Content-Length: 82
2018-04-19 10:39:13,545 DEBUG [Forwarding newSession on session null to remote] headers:125 - http-outgoing-0 << Date: Thu, 19 Apr 2018 05:09:13 GMT
2018-04-19 10:39:13,555 DEBUG [Forwarding newSession on session null to remote] DefaultManagedHttpClientConnection:79 - http-outgoing-0: Close connection
2018-04-19 10:39:13,556 DEBUG [Forwarding newSession on session null to remote] MainClientExec:104 - Connection discarded
2018-04-19 10:39:13,556 DEBUG [Forwarding newSession on session null to remote] PoolingHttpClientConnectionManager:326 - Connection released: [id: 0][route: {}->http://localhost:2129][total kept alive: 0; route allocated: 0 of 2000; total allocated: 0 of 2000]
